SF:lib/core/errors/result.dart
DA:25,2
DA:68,2
DA:70,1
DA:74,2
DA:76,1
DA:78,3
DA:80,0
DA:82,0
DA:84,2
DA:87,1
DA:90,2
DA:91,2
DA:93,0
DA:96,1
DA:97,1
DA:99,1
DA:100,1
DA:102,0
DA:105,0
DA:106,0
DA:107,0
DA:109,0
DA:110,0
DA:112,0
DA:113,0
DA:120,2
DA:122,1
DA:126,2
DA:128,1
DA:129,2
DA:131,0
DA:133,0
DA:135,1
DA:138,2
DA:141,1
DA:144,2
DA:145,2
DA:147,1
DA:150,1
DA:151,1
DA:153,0
DA:156,0
DA:157,0
DA:158,0
DA:160,0
DA:161,0
DA:163,0
DA:164,0
DA:170,2
DA:171,2
DA:172,4
DA:177,1
DA:178,1
DA:179,2
LF:54
LH:33
end_of_record
SF:lib/core/errors/failures.dart
DA:18,2
DA:20,0
DA:22,0
DA:24,0
DA:27,0
DA:28,0
DA:29,0
DA:30,0
DA:32,0
DA:33,0
DA:42,2
DA:43,2
DA:48,1
DA:49,1
DA:58,2
DA:59,2
DA:64,2
DA:66,2
DA:71,2
DA:72,2
DA:77,2
DA:79,2
DA:84,2
DA:86,2
DA:91,0
DA:92,0
DA:101,1
DA:102,1
DA:107,0
DA:108,0
DA:113,0
DA:114,0
DA:123,1
DA:124,1
DA:133,0
DA:134,0
DA:143,0
DA:144,0
LF:38
LH:19
end_of_record
SF:lib/features/auth/data/datasources/auth_remote_datasource.dart
DA:107,0
DA:108,0
DA:109,0
DA:112,0
DA:113,0
DA:114,0
DA:119,0
DA:129,0
DA:131,0
DA:133,0
DA:136,0
DA:138,0
DA:139,0
DA:141,0
DA:145,0
DA:146,0
DA:152,0
DA:158,0
DA:160,0
DA:161,0
DA:165,0
DA:166,0
DA:169,0
DA:170,0
DA:171,0
DA:172,0
DA:174,0
DA:175,0
DA:179,0
DA:182,0
DA:184,0
DA:186,0
DA:189,0
DA:190,0
DA:191,0
DA:194,0
DA:197,0
DA:203,0
DA:204,0
DA:209,0
DA:210,0
DA:211,0
DA:213,0
DA:214,0
DA:218,0
DA:220,0
DA:227,0
DA:237,0
DA:239,0
DA:240,0
DA:242,0
DA:250,0
DA:251,0
DA:256,0
DA:257,0
DA:258,0
DA:264,0
DA:267,0
DA:268,0
DA:272,0
DA:273,0
DA:274,0
DA:276,0
DA:280,0
DA:283,0
DA:286,0
DA:288,0
DA:289,0
DA:295,0
DA:296,0
DA:298,0
DA:302,0
DA:309,0
DA:311,0
DA:312,0
DA:313,0
DA:317,0
DA:318,0
DA:321,0
DA:322,0
DA:323,0
DA:325,0
DA:329,0
DA:339,0
DA:341,0
DA:343,0
DA:347,0
DA:350,0
DA:351,0
DA:352,0
DA:362,0
DA:363,0
DA:364,0
DA:372,0
DA:373,0
DA:374,0
DA:376,0
DA:384,0
DA:387,0
DA:388,0
DA:389,0
DA:392,0
DA:400,0
DA:403,0
DA:405,0
DA:406,0
DA:410,0
DA:413,0
DA:415,0
DA:416,0
DA:420,0
DA:426,0
DA:427,0
DA:428,0
DA:432,0
DA:433,0
DA:438,0
DA:440,0
DA:441,0
DA:449,0
DA:457,0
DA:458,0
DA:459,0
DA:460,0
DA:461,0
DA:463,0
DA:465,0
DA:467,0
DA:470,0
DA:471,0
DA:472,0
DA:481,0
DA:482,0
DA:483,0
DA:484,0
DA:485,0
DA:486,0
DA:487,0
DA:488,0
DA:490,0
DA:491,0
DA:492,0
DA:497,0
DA:498,0
DA:500,0
DA:501,0
DA:504,0
DA:507,0
DA:510,0
DA:511,0
DA:514,0
DA:517,0
DA:521,0
LF:153
LH:0
end_of_record
SF:lib/features/auth/domain/entities/user_entity.dart
DA:25,1
DA:37,0
DA:38,0
DA:39,0
DA:41,0
DA:45,0
DA:46,0
DA:47,0
DA:48,0
DA:49,0
DA:51,0
DA:55,0
DA:65,0
DA:66,0
DA:67,0
DA:68,0
DA:69,0
DA:70,0
DA:71,0
DA:72,0
DA:73,0
DA:77,0
DA:78,0
DA:80,0
DA:83,0
DA:84,0
DA:85,0
DA:86,0
DA:87,0
DA:90,0
DA:91,0
LF:31
LH:1
end_of_record
SF:lib/core/logger/app_logger.dart
DA:27,0
DA:32,0
DA:35,0
DA:42,0
DA:43,0
DA:47,0
DA:48,0
DA:52,0
DA:53,0
DA:57,0
DA:63,0
DA:77,0
DA:82,0
DA:86,0
DA:91,0
DA:95,0
DA:96,0
DA:100,0
DA:101,0
DA:108,0
DA:116,0
DA:118,0
DA:119,0
DA:120,0
DA:122,0
DA:124,0
DA:127,0
DA:129,0
DA:130,0
DA:131,0
DA:132,0
DA:137,0
DA:139,0
DA:141,0
DA:143,0
DA:145,0
LF:36
LH:0
end_of_record
SF:lib/features/auth/presentation/providers/auth_providers.dart
DA:39,0
DA:41,0
DA:42,0
DA:43,0
DA:44,0
DA:57,0
DA:58,0
DA:62,0
DA:63,0
DA:67,0
DA:68,0
DA:72,0
DA:73,0
DA:77,0
DA:90,1
DA:95,1
DA:110,1
DA:116,2
DA:118,2
DA:120,0
DA:121,0
DA:123,2
DA:125,0
DA:126,0
DA:128,0
DA:129,0
DA:130,0
DA:132,0
DA:137,0
DA:138,0
DA:139,0
DA:140,0
DA:149,0
DA:150,0
DA:153,0
DA:155,0
DA:157,0
DA:159,0
DA:164,0
DA:166,0
DA:168,0
DA:173,0
DA:174,0
DA:176,0
DA:181,0
DA:182,0
DA:183,0
DA:188,0
DA:189,0
DA:191,0
DA:193,0
DA:194,0
DA:195,0
DA:200,0
DA:206,0
DA:208,0
DA:215,0
DA:216,0
DA:217,0
DA:222,0
DA:223,0
DA:225,0
DA:227,0
DA:228,0
DA:229,0
DA:234,0
DA:235,0
DA:236,0
DA:252,0
DA:255,0
LF:70
LH:6
end_of_record
SF:lib/features/rewards/domain/entities/reward_entity.dart
DA:19,1
DA:31,1
DA:32,1
DA:38,1
DA:43,1
DA:44,3
DA:47,1
DA:48,4
DA:49,1
DA:52,1
DA:55,1
DA:56,3
DA:57,3
DA:59,1
DA:60,2
DA:62,0
DA:64,0
LF:17
LH:15
end_of_record
SF:lib/features/stores/domain/entities/category_entity.dart
DA:14,1
DA:23,1
DA:25,1
DA:26,4
DA:27,1
DA:28,3
DA:29,1
DA:30,4
DA:32,1
DA:37,1
DA:38,1
DA:39,1
DA:42,1
DA:45,1
DA:46,3
DA:47,3
DA:49,1
DA:50,2
LF:18
LH:18
end_of_record
SF:lib/features/stores/domain/entities/store_entity.dart
DA:23,1
DA:39,1
DA:42,3
DA:43,3
DA:46,6
DA:47,3
DA:48,4
DA:49,3
DA:50,2
DA:52,5
DA:53,1
DA:56,3
DA:57,5
DA:58,4
DA:59,4
DA:60,3
DA:62,1
DA:65,1
DA:66,3
DA:67,3
DA:69,1
DA:70,2
DA:72,1
DA:73,3
LF:24
LH:24
end_of_record
SF:lib/features/profile/data/services/device_info_helper.dart
DA:17,0
DA:20,1
DA:23,0
DA:24,1
DA:25,0
DA:26,0
DA:27,1
DA:28,0
DA:29,0
DA:31,1
DA:33,0
DA:34,0
DA:39,1
DA:40,1
DA:41,3
DA:42,5
DA:46,0
DA:47,0
DA:48,0
DA:49,0
DA:53,1
DA:56,0
DA:57,1
DA:58,0
DA:59,0
DA:60,0
DA:61,0
DA:62,0
DA:63,0
DA:65,1
DA:66,0
DA:67,0
DA:68,0
DA:70,0
DA:71,0
DA:74,1
DA:76,0
DA:77,0
DA:82,1
DA:84,1
DA:85,0
DA:92,1
DA:94,1
DA:95,1
DA:96,1
DA:97,0
DA:98,0
DA:103,1
DA:105,1
DA:106,1
DA:107,1
DA:108,0
DA:109,0
DA:114,1
DA:118,1
DA:119,0
DA:120,0
DA:121,1
DA:122,0
DA:123,0
DA:125,2
LF:61
LH:26
end_of_record
